app/build/outputs/logs/manifest-merger-debug-report.txt
-- Merging decision tree log ---
manifest
ADDED from src\main\AndroidManifest.xml:2:1-21:12
	package
		ADDED from src\main\AndroidManifest.xml:3:2-29
		INJECTED from src\main\AndroidManifest.xml
		INJECTED from src\main\AndroidManifest.xml
	android:versionName
		ADDED from src\main\AndroidManifest.xml:5:2-27
		INJECTED from src\main\AndroidManifest.xml
		INJECTED from src\main\AndroidManifest.xml
	android:versionCode
		ADDED from src\main\AndroidManifest.xml:4:2-25
		INJECTED from src\main\AndroidManifest.xml
		INJECTED from src\main\AndroidManifest.xml
	xmlns:android
		ADDED from src\main\AndroidManifest.xml:2:11-69
uses-sdk
ADDED from src\main\AndroidManifest.xml:6:2-40
	android:targetSdkVersion
		INJECTED from src\main\AndroidManifest.xml
		INJECTED from src\main\AndroidManifest.xml
	android:minSdkVersion
		ADDED from src\main\AndroidManifest.xml:6:12-37
		INJECTED from src\main\AndroidManifest.xml
		INJECTED from src\main\AndroidManifest.xml
application
ADDED from src\main\AndroidManifest.xml:7:2-20:16
	android:label
		ADDED from src\main\AndroidManifest.xml:9:3-35
	android:icon
		ADDED from src\main\AndroidManifest.xml:8:3-39
activity#com.dinesh.sample.binder.BinderActivity
ADDED from src\main\AndroidManifest.xml:10:3-17:14
	android:label
		ADDED from src\main\AndroidManifest.xml:12:4-36
	android:name
		ADDED from src\main\AndroidManifest.xml:11:4-58
intent-filter#android.intent.action.MAIN+android.intent.category.LAUNCHER
ADDED from src\main\AndroidManifest.xml:13:4-16:20
action#android.intent.action.MAIN
ADDED from src\main\AndroidManifest.xml:14:5-57
	android:name
		ADDED from src\main\AndroidManifest.xml:14:13-54
category#android.intent.category.LAUNCHER
ADDED from src\main\AndroidManifest.xml:15:5-65
	android:name
		ADDED from src\main\AndroidManifest.xml:15:15-62
service#com.dinesh.sample.binder.BinderService
ADDED from src\main\AndroidManifest.xml:18:3-19:13
	android:exported
		ADDED from src\main\AndroidManifest.xml:18:12-36
	android:name
		ADDED from src\main\AndroidManifest.xml:18:37-90